<?xml version="1.0" encoding="UTF-8"?>
<!-- Generated by org.testng.reporters.JUnitXMLReporter -->
<testsuite ignored="0" hostname="DESKTOP-HE9AI16" failures="0" tests="4" name="Add Customer Test" time="2.599" errors="0" timestamp="2021-11-17T18:17:56 IST">
  <testcase classname="com.cg.testcases.AddCustomerTest" name="addCustomerTest" time="0.78"/>
  <testcase classname="com.cg.testcases.AddCustomerTest" name="addCustomerTest" time="0.467"/>
  <testcase classname="com.cg.testcases.AddCustomerTest" name="addCustomerTest" time="0.437"/>
  <testcase classname="com.cg.testcases.AddCustomerTest" name="addCustomerTest" time="0.4"/>
</testsuite> <!-- Add Customer Test -->
