<?xml version="1.0" encoding="UTF-8"?>
<!-- Generated by org.testng.reporters.JUnitXMLReporter -->
<testsuite ignored="0" hostname="DESKTOP-HE9AI16" failures="1" tests="1" name="Bank Manager Login Test" time="3.893" errors="0" timestamp="2021-11-17T18:17:54 IST">
  <testcase classname="com.cg.testcases.BankManagerLoginTest" name="bankManageroginTest" time="3.186">
    <failure type="java.lang.AssertionError" message="Login not successful">
      <![CDATA[java.lang.AssertionError: Login not successful
at com.cg.testcases.BankManagerLoginTest.bankManageroginTest(BankManagerLoginTest.java:28)
at java.base/java.util.ArrayList.forEach(ArrayList.java:1541)
... Removed 31 stack frames]]>
    </failure>
  </testcase> <!-- bankManageroginTest -->
</testsuite> <!-- Bank Manager Login Test -->
