<?xml version="1.0" encoding="UTF-8"?>
<testsuite name="TestSuite" time="7.552" tests="6" errors="0" skipped="0" failures="1">
  <properties>
[...]
</properties>
  <testcase name="bankManageroginTest" classname="com.cg.testcases.BankManagerLoginTest" time="3.196">
    <failure message="Login not successful" type="java.lang.AssertionError">java.lang.AssertionError: Login not successful
	at org.testng.Assert.fail(Assert.java:99)
	at com.cg.testcases.BankManagerLoginTest.bankManageroginTest(BankManagerLoginTest.java:28)
</failure>
    <system-err><![CDATA[Starting ChromeDriver 96.0.4664.45 (76e4c1bb2ab4671b8beba3444e61c0f17584b2fc-refs/branch-heads/4664@{#947}) on port 15668
Only local connections are allowed.
Please see https://chromedriver.chromium.org/security-considerations for suggestions on keeping ChromeDriver safe.
ChromeDriver was started successfully.
Nov 17, 2021 6:17:49 PM org.openqa.selenium.remote.ProtocolHandshake createSession
INFO: Detected dialect: W3C
]]></system-err>
  </testcase>
  <testcase name="addCustomerTest" classname="com.cg.testcases.AddCustomerTest" time="0.827"/>
  <testcase name="addCustomerTest" classname="com.cg.testcases.AddCustomerTest" time="0.501"/>
  <testcase name="addCustomerTest" classname="com.cg.testcases.AddCustomerTest" time="0.459"/>
  <testcase name="addCustomerTest" classname="com.cg.testcases.AddCustomerTest" time="0.405"/>
  <testcase name="openAccountTest" classname="com.cg.testcases.OpenAccountTest" time="3.529"/>
</testsuite>