<?xml version="1.0" encoding="UTF-8"?>
<!-- Generated by org.testng.reporters.JUnitXMLReporter -->
<testsuite ignored="0" hostname="DESKTOP-HE9AI16" failures="1" tests="1" name="Add Customer Test" time="0.76" errors="0" timestamp="2021-10-12T14:25:35 IST">
  <testcase classname="com.cg.testcases.AddCustomerTest" name="addCutomer" time="0.732">
    <failure type="java.lang.AssertionError" message="Customer not added successfully">
      <![CDATA[java.lang.AssertionError: Customer not added successfully
at com.cg.testcases.AddCustomerTest.addCutomer(AddCustomerTest.java:27)
at java.base/java.util.ArrayList.forEach(ArrayList.java:1541)
... Removed 28 stack frames]]>
    </failure>
  </testcase> <!-- addCutomer -->
</testsuite> <!-- Add Customer Test -->
