<?xml version="1.0" encoding="UTF-8"?>
<!-- Generated by org.testng.reporters.JUnitXMLReporter -->
<testsuite ignored="0" hostname="DESKTOP-HE9AI16" failures="1" tests="1" name="Bank Manager Login Test" time="3.245" errors="0" timestamp="2021-10-12T14:25:35 IST">
  <testcase classname="com.cg.testcases.BankManagerLoginTest" name="loginAsBankManager" time="3.164">
    <failure type="java.lang.AssertionError" message="Login not successful">
      <![CDATA[java.lang.AssertionError: Login not successful
at com.cg.testcases.BankManagerLoginTest.loginAsBankManager(BankManagerLoginTest.java:23)
at java.base/java.util.ArrayList.forEach(ArrayList.java:1541)
... Removed 28 stack frames]]>
    </failure>
  </testcase> <!-- loginAsBankManager -->
</testsuite> <!-- Bank Manager Login Test -->
